<?xml version="1.0" encoding="UTF-8"?>
<!-- Generated by org.testng.reporters.JUnitXMLReporter -->
<testsuite hostname="WIN7--20160505Q" name="Test1" tests="1" failures="1" timestamp="25 May 2016 05:06:07 GMT" time="2.175" errors="0">
  <testcase name="test" time="2.161" classname="TestCases.BaiduSearch">
    <failure type="org.ho.yaml.exception.YamlException" message="Error near line 0: End of document expected.">
      <![CDATA[org.ho.yaml.exception.YamlException: Error near line 0: End of document expected.
	at org.ho.yaml.JYamlParserEvent.error(Unknown Source)
	at org.ho.yaml.YamlDecoder.firstDocument(Unknown Source)
	at org.ho.yaml.YamlDecoder.readObjectOfType(Unknown Source)
	at org.ho.yaml.YamlConfig.loadType(Unknown Source)
	at org.ho.yaml.YamlConfig.loadType(Unknown Source)
	at org.ho.yaml.Yaml.loadType(Unknown Source)
	at BaseMethod.Page.getYamlFile(Page.java:46)
	at BaseMethod.Page.<init>(Page.java:31)
	at TestCases.BaiduSearch.test(BaiduSearch.java:13)
	at java.util.concurrent.ThreadPoolExecutor.runWorker(Unknown Source)
	at java.util.concurrent.ThreadPoolExecutor$Worker.run(Unknown Source)
	at java.lang.Thread.run(Unknown Source)
... Removed 10 stack frames]]>
    </failure>
  </testcase> <!-- test -->
</testsuite> <!-- Test1 -->
