<?xml version="1.0" encoding="UTF-8"?>
<testng-results skipped="0" failed="0" total="1" passed="1">
  <reporter-output>
  </reporter-output>
  <suite name="Default suite" duration-ms="11115" started-at="2016-05-27T06:20:42Z" finished-at="2016-05-27T06:20:53Z">
    <groups>
    </groups>
    <test name="Default test" duration-ms="11115" started-at="2016-05-27T06:20:42Z" finished-at="2016-05-27T06:20:53Z">
      <class name="TestCases.BaiduSearch">
        <test-method status="PASS" signature="test()[pri:0, instance:TestCases.BaiduSearch@1e3380c5]" name="test" duration-ms="11101" started-at="2016-05-27T14:20:42Z" finished-at="2016-05-27T14:20:53Z">
          <reporter-output>
          </reporter-output>
        </test-method> <!-- test -->
      </class> <!-- TestCases.BaiduSearch -->
    </test> <!-- Default test -->
  </suite> <!-- Default suite -->
</testng-results>
