<?xml version="1.0" encoding="UTF-8"?>
<testng-results skipped="0" failed="0" total="1" passed="1">
  <reporter-output>
  </reporter-output>
  <suite name="Suite1" duration-ms="9828" started-at="2016-05-25T05:48:02Z" finished-at="2016-05-25T05:48:11Z">
    <groups>
    </groups>
    <test name="test12" duration-ms="9828" started-at="2016-05-25T05:48:02Z" finished-at="2016-05-25T05:48:11Z">
      <class name="TestCases.BaiduSearch">
        <test-method status="PASS" signature="test()[pri:0, instance:TestCases.BaiduSearch@4157f54e]" name="test" duration-ms="9819" started-at="2016-05-25T13:48:02Z" finished-at="2016-05-25T13:48:11Z">
          <reporter-output>
          </reporter-output>
        </test-method> <!-- test -->
      </class> <!-- TestCases.BaiduSearch -->
    </test> <!-- test12 -->
  </suite> <!-- Suite1 -->
</testng-results>
